#-----------------------------------------------------------
# Vivado v2016.2 (64-bit)
# SW Build 1577090 on Thu Jun  2 16:32:40 MDT 2016
# IP Build 1577682 on Fri Jun  3 12:00:54 MDT 2016
# Start of session at: Fri Jun 30 22:46:15 2017
# Process ID: 3728
# Current directory: C:/Users/Kiteu/OneDrive/UEC/Duck Hunt/Duck_Hunt
# Command line: vivado.exe -gui_launcher_event rodinguilauncherevent10020 C:\Users\Kiteu\OneDrive\UEC\Duck Hunt\Duck_Hunt\Duck_Hunt.xpr
# Log file: C:/Users/Kiteu/OneDrive/UEC/Duck Hunt/Duck_Hunt/vivado.log
# Journal file: C:/Users/Kiteu/OneDrive/UEC/Duck Hunt/Duck_Hunt\vivado.jou
#-----------------------------------------------------------
start_gui
open_project {C:/Users/Kiteu/OneDrive/UEC/Duck Hunt/Duck_Hunt/Duck_Hunt.xpr}
Scanning sources...
Finished scanning sources
INFO: [IP_Flow 19-234] Refreshing IP repositories
INFO: [IP_Flow 19-1704] No user IP repositories specified
INFO: [IP_Flow 19-2313] Loaded Vivado IP repository 'E:/Xilinx/Vivado/2016.2/data/ip'.
WARNING: [IP_Flow 19-3664] IP 'clk_wiz_0' generated file not found 'c:/Users/Kiteu/OneDrive/UEC/Duck Hunt/Duck_Hunt/Duck_Hunt.srcs/sources_1/ip/clk_wiz_0/doc/clk_wiz_v5_3_changelog.txt'. Please regenerate to continue.
open_project: Time (s): cpu = 00:00:18 ; elapsed = 00:00:11 . Memory (MB): peak = 787.457 ; gain = 158.703
update_compile_order -fileset sources_1
update_compile_order -fileset sim_1
update_compile_order -fileset sources_1
update_compile_order -fileset sim_1
archive_project {C:/Users/Kiteu/OneDrive/UEC/Duck Hunt/Duck_Hunt.xpr.zip} -temp_dir {C:/Users/Kiteu/OneDrive/UEC/Duck Hunt/Duck_Hunt/.Xil/Vivado-3728-RAICHU} -force -exclude_run_results
INFO: [Coretcl 2-137] starting archive...
INFO: [Coretcl 2-1499] Saving project copy to temporary location 'C:/Users/Kiteu/OneDrive/UEC/Duck Hunt/Duck_Hunt/.Xil/Vivado-3728-RAICHU' for archiving project
Scanning sources...
Finished scanning sources
INFO: [IP_Flow 19-234] Refreshing IP repositories
INFO: [IP_Flow 19-1704] No user IP repositories specified
INFO: [IP_Flow 19-2313] Loaded Vivado IP repository 'E:/Xilinx/Vivado/2016.2/data/ip'.
WARNING: [IP_Flow 19-3664] IP 'clk_wiz_0' generated file not found 'c:/Users/Kiteu/OneDrive/UEC/Duck Hunt/Duck_Hunt/Duck_Hunt.srcs/sources_1/ip/clk_wiz_0/doc/clk_wiz_v5_3_changelog.txt'. Please regenerate to continue.
INFO: [Coretcl 2-1211] Creating project copy for archival...
INFO: [ProjectBase 1-495] The host OS only allows 260 characters in a normal path. The project is stored in a path with more than 80 characters. If you experience any problem with archiving the project, please consider setting environment variable $TEMP to a shorter path.
Current project path is 'C:/Users/Kiteu/OneDrive/UEC/Duck Hunt/Duck_Hunt/.Xil/Vivado-3728-RAICHU/PrjAr/_X_'.
CRITICAL WARNING: [IP_Flow 19-4299] Failed to copy 'c:/Users/Kiteu/OneDrive/UEC/Duck Hunt/Duck_Hunt/Duck_Hunt.srcs/sources_1/ip/clk_wiz_0/doc/clk_wiz_v5_3_changelog.txt' to 'c:/Users/Kiteu/OneDrive/UEC/Duck Hunt/Duck_Hunt/.Xil/Vivado-3728-RAICHU/PrjAr/_X_/Duck_Hunt.srcs/sources_1/ip/clk_wiz_0/doc/clk_wiz_v5_3_changelog.txt'
INFO: [Coretcl 2-135] resetting runs for excluding generated files from archive...
WARNING: [Coretcl 2-105] Run 'synth_1' is currently active
INFO: [Coretcl 2-133] re-setting run 'synth_1'...
INFO: [Coretcl 2-133] re-setting run 'impl_1'...
INFO: [Coretcl 2-1212] Importing remotely added design sources and verilog include files (if any)...
INFO: [filemgmt 20-334] All file(s) are already imported in fileset: 'constrs_1'
INFO: [filemgmt 20-348] Importing the appropriate files for fileset: 'constrs_1'
INFO: [filemgmt 20-348] Importing the appropriate files for fileset: 'sim_1'
INFO: [filemgmt 20-348] Importing the appropriate files for fileset: 'sources_1'
INFO: [Coretcl 2-1209] Adding archive summary file to the project...
INFO: [Coretcl 2-1214] Preparing project files for archive...
INFO: [Coretcl 2-1210] Compressing project files and data...
INFO: [Coretcl 2-1215] Project archived (C:/Users/Kiteu/OneDrive/UEC/Duck Hunt/Duck_Hunt.xpr.zip)
INFO: [Coretcl 2-1216] To view the archive summary log in GUI, double click on 'Design Sources->Text->archive_project_summary.txt', or open this file from the archived project directory.
archive_project: Time (s): cpu = 00:00:04 ; elapsed = 00:00:08 . Memory (MB): peak = 799.949 ; gain = 0.891
exit
INFO: [Common 17-206] Exiting Vivado at Fri Jun 30 23:01:44 2017...
