#-----------------------------------------------------------
# Vivado v2016.2 (64-bit)
# SW Build 1577090 on Thu Jun  2 16:32:40 MDT 2016
# IP Build 1577682 on Fri Jun  3 12:00:54 MDT 2016
# Start of session at: Sun Jul 02 21:24:27 2017
# Process ID: 11336
# Current directory: C:/Users/Kiteu/OneDrive/UEC/Duck Hunt/vivado
# Command line: vivado.exe -gui_launcher_event rodinguilauncherevent9476 C:\Users\Kiteu\OneDrive\UEC\Duck Hunt\vivado\Duck_Hunt.xpr
# Log file: C:/Users/Kiteu/OneDrive/UEC/Duck Hunt/vivado/vivado.log
# Journal file: C:/Users/Kiteu/OneDrive/UEC/Duck Hunt/vivado\vivado.jou
#-----------------------------------------------------------
start_gui
open_project {C:/Users/Kiteu/OneDrive/UEC/Duck Hunt/vivado/Duck_Hunt.xpr}
CRITICAL WARNING: [Project 1-19] Could not find the file 'C:/Users/Kiteu/OneDrive/UEC/Duck Hunt/vivado/Duck_Hunt.srcs/sources_1/imports/sources_1/imports/Downloads/delay_upel.v'.
CRITICAL WARNING: [Project 1-19] Could not find the file 'C:/Users/Kiteu/OneDrive/UEC/Duck Hunt/vivado/Duck_Hunt.srcs/sources_1/imports/sources_1/imports/OneDrive-2017-04-11/image_rom.v'.
CRITICAL WARNING: [Project 1-19] Could not find the file 'C:/Users/Kiteu/OneDrive/UEC/Duck Hunt/vivado/Duck_Hunt.srcs/sources_1/new/video_bus.h'.
CRITICAL WARNING: [Project 1-19] Could not find the file 'C:/Users/Kiteu/OneDrive/UEC/Duck Hunt/vivado/Duck_Hunt.srcs/sources_1/new/vesa_vga.vh'.
CRITICAL WARNING: [Project 1-19] Could not find the file 'C:/Users/Kiteu/OneDrive/UEC/Duck Hunt/vivado/Duck_Hunt.srcs/sources_1/imports/new/draw_sprite.v'.
CRITICAL WARNING: [Project 1-19] Could not find the file 'C:/Users/Kiteu/OneDrive/UEC/Duck Hunt/vivado/Duck_Hunt.srcs/sources_1/imports/sources_1/imports/MTM_UEC_lab2_1_ee178_spring2017_lab4/vga_timing.v'.
CRITICAL WARNING: [Project 1-19] Could not find the file 'C:/Users/Kiteu/OneDrive/UEC/Duck Hunt/vivado/Duck_Hunt.srcs/sources_1/imports/UART/list_ch06_02_debounce.v'.
CRITICAL WARNING: [Project 1-19] Could not find the file 'C:/Users/Kiteu/OneDrive/UEC/Duck Hunt/vivado/Duck_Hunt.srcs/sources_1/imports/sources_1/new/draw_image.v'.
CRITICAL WARNING: [Project 1-19] Could not find the file 'C:/Users/Kiteu/OneDrive/UEC/Duck Hunt/vivado/Duck_Hunt.srcs/sources_1/imports/sources_1/new/draw_background.v'.
CRITICAL WARNING: [Project 1-19] Could not find the file 'C:/Users/Kiteu/OneDrive/UEC/Duck Hunt/vivado/Duck_Hunt.srcs/sources_1/ip/clk_wiz_0/clk_wiz_0.xci'.
CRITICAL WARNING: [Project 1-19] Could not find the file 'C:/Users/Kiteu/OneDrive/UEC/Duck Hunt/vivado/Duck_Hunt.srcs/sources_1/imports/sources_1/imports/MTM_UEC_lab2_1_ee178_spring2017_lab4/top.v'.
CRITICAL WARNING: [Project 1-19] Could not find the file 'C:/Users/Kiteu/OneDrive/UEC/Duck Hunt/vivado/Duck_Hunt.srcs/sources_1/imports/clk_wiz_0/clk_wiz_v5_3_1/mmcm_pll_drp_func_us_pll.vh'.
CRITICAL WARNING: [Project 1-19] Could not find the file 'C:/Users/Kiteu/OneDrive/UEC/Duck Hunt/vivado/Duck_Hunt.srcs/sources_1/imports/clk_wiz_0/clk_wiz_v5_3_1/mmcm_pll_drp_func_us_mmcm.vh'.
CRITICAL WARNING: [Project 1-19] Could not find the file 'C:/Users/Kiteu/OneDrive/UEC/Duck Hunt/vivado/Duck_Hunt.srcs/sources_1/imports/clk_wiz_0/clk_wiz_v5_3_1/mmcm_pll_drp_func_7s_pll.vh'.
CRITICAL WARNING: [Project 1-19] Could not find the file 'C:/Users/Kiteu/OneDrive/UEC/Duck Hunt/vivado/Duck_Hunt.srcs/sources_1/imports/clk_wiz_0/clk_wiz_v5_3_1/mmcm_pll_drp_func_7s_mmcm.vh'.
CRITICAL WARNING: [Project 1-19] Could not find the file 'C:/Users/Kiteu/OneDrive/UEC/Duck Hunt/Grafika/foreground_256x128.jpg.data'.
CRITICAL WARNING: [Project 1-19] Could not find the file 'C:/Users/Kiteu/OneDrive/UEC/Duck Hunt/Grafika/sprites_128x128.jpg.data'.
CRITICAL WARNING: [Project 1-19] Could not find the file 'C:/Users/Kiteu/OneDrive/UEC/Duck Hunt/Grafika/bush_128x128.jpg.data'.
CRITICAL WARNING: [Project 1-19] Could not find the file 'C:/Users/Kiteu/OneDrive/UEC/Duck Hunt/Grafika/tree_256x256.jpg.data'.
CRITICAL WARNING: [Project 1-19] Could not find the file 'C:/Users/Kiteu/OneDrive/UEC/Duck Hunt/vivado/Duck_Hunt.srcs/constrs_1/imports/MTM_UEC_lab2_1_ee178_spring2017_lab4/vga_example.xdc'.
Scanning sources...
Finished scanning sources
INFO: [IP_Flow 19-234] Refreshing IP repositories
INFO: [IP_Flow 19-1704] No user IP repositories specified
INFO: [IP_Flow 19-2313] Loaded Vivado IP repository 'E:/Xilinx/Vivado/2016.2/data/ip'.
open_project: Time (s): cpu = 00:00:16 ; elapsed = 00:00:07 . Memory (MB): peak = 789.543 ; gain = 137.867
update_compile_order -fileset sources_1
update_compile_order -fileset sim_1
update_compile_order -fileset sources_1
update_files -from_files {{C:/Users/Kiteu/OneDrive/UEC/Duck Hunt/src/blanker.v}} -to_files {{C:/Users/Kiteu/OneDrive/UEC/Duck Hunt/src/blanker.v}} -filesets [get_filesets *]
ERROR: [Vivado 12-3481] Cannot replace a file with itself: 'C:/Users/Kiteu/OneDrive/UEC/Duck Hunt/src/blanker.v'
exit
INFO: [Common 17-206] Exiting Vivado at Sun Jul 02 21:30:39 2017...
